java -cp ./deps:. P4 nameErrors.cflat nameErrors.out
program parsed correctly.
14:5 ***ERROR*** Multiply declared identifier
15:6 ***ERROR*** Multiply declared identifier
16:14 ***ERROR*** Multiply declared identifier
17:8 ***ERROR*** Multiply declared identifier
21:6 ***ERROR*** Multiply declared identifier
21:37 ***ERROR*** Multiply declared identifier
24:9 ***ERROR*** Multiply declared identifier
32:8 ***ERROR*** Invalid name of struct type
34:12 ***ERROR*** Invalid name of struct type
38:12 ***ERROR*** Invalid name of struct type
43:6 ***ERROR*** Non-function declared void
44:6 ***ERROR*** Non-function declared void
46:10 ***ERROR*** Non-function declared void
53:12 ***ERROR*** Invalid name of struct type
54:5 ***ERROR*** Undeclared identifier
55:9 ***ERROR*** Undeclared identifier
60:27 ***ERROR*** Undeclared identifier
65:5 ***ERROR*** Undeclared identifier
65:9 ***ERROR*** Undeclared identifier
65:13 ***ERROR*** Undeclared identifier
66:5 ***ERROR*** Undeclared identifier
66:9 ***ERROR*** Undeclared identifier
66:13 ***ERROR*** Undeclared identifier
67:5 ***ERROR*** Undeclared identifier
67:9 ***ERROR*** Undeclared identifier
67:13 ***ERROR*** Undeclared identifier
68:5 ***ERROR*** Undeclared identifier
68:9 ***ERROR*** Undeclared identifier
69:5 ***ERROR*** Undeclared identifier
70:5 ***ERROR*** Undeclared identifier
71:13 ***ERROR*** Undeclared identifier
72:12 ***ERROR*** Undeclared identifier
80:9 ***ERROR*** Invalid struct field name
81:9 ***ERROR*** Invalid struct field name
82:14 ***ERROR*** Invalid struct field name
83:11 ***ERROR*** Invalid struct field name
85:5 ***ERROR*** Undeclared identifier
87:5 ***ERROR*** Undeclared identifier
87:16 ***ERROR*** Undeclared identifier
88:10 ***ERROR*** Undeclared identifier
88:16 ***ERROR*** Undeclared identifier
java -cp ./deps:. P4 test.cflat test.out
program parsed correctly.
